Arguments: 
  /home/null/miniconda3/envs/jupyterlab_telemetry_alligator/bin/node /home/null/miniconda3/envs/jupyterlab_telemetry_alligator/lib/python3.10/site-packages/jupyterlab/staging/yarn.js install

PATH: 
  /home/null/miniconda3/envs/jupyterlab_telemetry_alligator/bin:/home/null/miniconda3/condabin:/home/null/.local/bin:/home/null/bin:/usr/local/bin:/usr/bin:/bin:/usr/local/sbin:/usr/sbin

Yarn version: 
  1.21.1

Node version: 
  17.9.0

Platform: 
  linux x64

Trace: 
  Error: https://registry.yarnpkg.com/@jupyterlab%2fapplication: ETIMEDOUT
      at Timeout._onTimeout (/home/null/miniconda3/envs/jupyterlab_telemetry_alligator/lib/python3.10/site-packages/jupyterlab/staging/yarn.js:135743:19)
      at listOnTimeout (node:internal/timers:559:17)
      at processTimers (node:internal/timers:502:7)

npm manifest: 
  {
    "name": "@educational-technology-collective/jupyterlab_telemetry_alligator",
    "version": "0.1.0",
    "description": "A JupyterLab extension.",
    "keywords": [
      "jupyter",
      "jupyterlab",
      "jupyterlab-extension"
    ],
    "homepage": "https://github.com/educational-technology-collective/jupyterlab_telemetry_alligator",
    "bugs": {
      "url": "https://github.com/educational-technology-collective/jupyterlab_telemetry_alligator/issues"
    },
    "license": "BSD-3-Clause",
    "author": {
      "name": "ETC",
      "email": ""
    },
    "files": [
      "lib/**/*.{d.ts,eot,gif,html,jpg,js,js.map,json,png,svg,woff2,ttf}",
      "style/**/*.{css,js,eot,gif,html,jpg,json,png,svg,woff2,ttf}",
      "schema/*.json"
    ],
    "main": "lib/index.js",
    "types": "lib/index.d.ts",
    "style": "style/index.css",
    "repository": {
      "type": "git",
      "url": "https://github.com/educational-technology-collective/jupyterlab_telemetry_alligator.git"
    },
    "scripts": {
      "build": "jlpm build:lib && jlpm build:labextension:dev",
      "build:prod": "jlpm clean && jlpm build:lib && jlpm build:labextension",
      "build:labextension": "jupyter labextension build .",
      "build:labextension:dev": "jupyter labextension build --development True .",
      "build:lib": "tsc",
      "clean": "jlpm clean:lib",
      "clean:lib": "rimraf lib tsconfig.tsbuildinfo",
      "clean:lintcache": "rimraf .eslintcache .stylelintcache",
      "clean:labextension": "rimraf jupyterlab_telemetry_alligator/labextension",
      "clean:all": "jlpm clean:lib && jlpm clean:labextension && jlpm clean:lintcache",
      "eslint": "jlpm eslint:check --fix",
      "eslint:check": "eslint . --cache --ext .ts,.tsx",
      "install:extension": "jlpm build",
      "lint": "jlpm stylelint && jlpm prettier && jlpm eslint",
      "lint:check": "jlpm stylelint:check && jlpm prettier:check && jlpm eslint:check",
      "prettier": "jlpm prettier:base --write --list-different",
      "prettier:base": "prettier \"**/*{.ts,.tsx,.js,.jsx,.css,.json,.md}\"",
      "prettier:check": "jlpm prettier:base --check",
      "stylelint": "jlpm stylelint:check --fix",
      "stylelint:check": "stylelint --cache \"style/**/*.css\"",
      "test": "jest --coverage",
      "watch": "run-p watch:src watch:labextension",
      "watch:src": "tsc -w",
      "watch:labextension": "jupyter labextension watch ."
    },
    "dependencies": {
      "@jupyterlab/application": "^3.1.0",
      "@jupyterlab/settingregistry": "^3.1.0",
      "@jupyterlab/coreutils": "^5.1.0",
      "@jupyterlab/services": "^6.1.0"
  
    },
    "devDependencies": {
      "@babel/core": "^7.0.0",
      "@babel/preset-env": "^7.0.0",
      "@jupyterlab/builder": "^3.1.0",
      "@jupyterlab/testutils": "^3.0.0",
      "@types/jest": "^26.0.0",
      "@typescript-eslint/eslint-plugin": "^4.8.1",
      "@typescript-eslint/parser": "^4.8.1",
      "eslint": "^7.14.0",
      "eslint-config-prettier": "^6.15.0",
      "eslint-plugin-prettier": "^3.1.4",
      "jest": "^26.0.0",
      "mkdirp": "^1.0.3",
      "npm-run-all": "^4.1.5",
      "prettier": "^2.1.1",
      "rimraf": "^3.0.2",
      "stylelint": "^14.3.0",
      "stylelint-config-prettier": "^9.0.3",
      "stylelint-config-recommended": "^6.0.0",
      "stylelint-config-standard": "~24.0.0",
      "stylelint-prettier": "^2.0.0",
      "typescript": "~4.1.3",
      "ts-jest": "^26.0.0"
    },
    "sideEffects": [
      "style/*.css",
      "style/index.js"
    ],
    "styleModule": "style/index.js",
    "publishConfig": {
      "access": "public"
    },
    "jupyterlab": { 
      "discovery": {
          "server": {
            "managers": [
              "pip"
            ],
            "base": {
              "name": "jupyterlab_telemetry_alligator"
            }
          }
      },
      "extension": true,
      "outputDir": "jupyterlab_telemetry_alligator/labextension",
      "schemaDir": "schema"
    },
    "jupyter-releaser": {
      "hooks": {
        "before-build-npm": [
          "python -m pip install jupyterlab~=3.1",
          "jlpm"
        ],
        "before-build-python": [
          "jlpm clean:all"
        ]
      }
    }
  }

yarn manifest: 
  No manifest

Lockfile: 
  No lockfile
